# JRE version: Java(TM) SE Runtime Environment (8.0_181-b13) (build 1.8.0_181-b13)
# Java VM: Java HotSpot(TM) 64-Bit Server VM (25.181-b13 mixed mode windows-amd64 compressed oops)
Heap:
 PSYoungGen      total 197632K, used 92864K [0x00000000da180000, 0x00000000e9400000, 0x0000000100000000)
  eden space 180736K, 51% used [0x00000000da180000,0x00000000dfc30100,0x00000000e5200000)
  from space 16896K, 0% used [0x00000000e5200000,0x00000000e5200000,0x00000000e6280000)
  to   space 17408K, 0% used [0x00000000e8300000,0x00000000e8300000,0x00000000e9400000)
 ParOldGen       total 116736K, used 28764K [0x000000008e400000, 0x0000000095600000, 0x00000000da180000)
  object space 116736K, 24% used [0x000000008e400000,0x0000000090017120,0x0000000095600000)
 Metaspace       used 35408K, capacity 36292K, committed 36520K, reserved 1081344K
  class space    used 4190K, capacity 4495K, committed 4608K, reserved 1048576K
GC Heap History (10 events):
Event: 3.967 GC heap before
{Heap before GC invocations=7 (full 1):
 PSYoungGen      total 143360K, used 6948K [0x00000000da180000, 0x00000000e3880000, 0x0000000100000000)
  eden space 133120K, 0% used [0x00000000da180000,0x00000000da180000,0x00000000e2380000)
  from space 10240K, 67% used [0x00000000e2e80000,0x00000000e3549038,0x00000000e3880000)
  to   space 10752K, 0% used [0x00000000e2380000,0x00000000e2380000,0x00000000e2e00000)
 ParOldGen       total 87552K, used 9701K [0x000000008e400000, 0x0000000093980000, 0x00000000da180000)
  object space 87552K, 11% used [0x000000008e400000,0x000000008ed79710,0x0000000093980000)
 Metaspace       used 20887K, capacity 21166K, committed 21296K, reserved 1069056K
  class space    used 2332K, capacity 2427K, committed 2432K, reserved 1048576K
Event: 4.054 GC heap after
Heap after GC invocations=7 (full 1):
 PSYoungGen      total 143360K, used 0K [0x00000000da180000, 0x00000000e3880000, 0x0000000100000000)
  eden space 133120K, 0% used [0x00000000da180000,0x00000000da180000,0x00000000e2380000)
  from space 10240K, 0% used [0x00000000e2e80000,0x00000000e2e80000,0x00000000e3880000)
  to   space 10752K, 0% used [0x00000000e2380000,0x00000000e2380000,0x00000000e2e00000)
 ParOldGen       total 70144K, used 12926K [0x000000008e400000, 0x0000000092880000, 0x00000000da180000)
  object space 70144K, 18% used [0x000000008e400000,0x000000008f09f870,0x0000000092880000)
 Metaspace       used 20887K, capacity 21166K, committed 21296K, reserved 1069056K
  class space    used 2332K, capacity 2427K, committed 2432K, reserved 1048576K
}
Event: 9.015 GC heap before
{Heap before GC invocations=8 (full 1):
 PSYoungGen      total 143360K, used 133120K [0x00000000da180000, 0x00000000e3880000, 0x0000000100000000)
  eden space 133120K, 100% used [0x00000000da180000,0x00000000e2380000,0x00000000e2380000)
  from space 10240K, 0% used [0x00000000e2e80000,0x00000000e2e80000,0x00000000e3880000)
  to   space 10752K, 0% used [0x00000000e2380000,0x00000000e2380000,0x00000000e2e00000)
 ParOldGen       total 70144K, used 12926K [0x000000008e400000, 0x0000000092880000, 0x00000000da180000)
  object space 70144K, 18% used [0x000000008e400000,0x000000008f09f870,0x0000000092880000)
 Metaspace       used 28969K, capacity 29564K, committed 29824K, reserved 1075200K
  class space    used 3477K, capacity 3677K, committed 3712K, reserved 1048576K
Event: 9.036 GC heap after
Heap after GC invocations=8 (full 1):
 PSYoungGen      total 143872K, used 10736K [0x00000000da180000, 0x00000000e7100000, 0x0000000100000000)
  eden space 133120K, 0% used [0x00000000da180000,0x00000000da180000,0x00000000e2380000)
  from space 10752K, 99% used [0x00000000e2380000,0x00000000e2dfc098,0x00000000e2e00000)
  to   space 12288K, 0% used [0x00000000e6500000,0x00000000e6500000,0x00000000e7100000)
 ParOldGen       total 70144K, used 12958K [0x000000008e400000, 0x0000000092880000, 0x00000000da180000)
  object space 70144K, 18% used [0x000000008e400000,0x000000008f0a7a10,0x0000000092880000)
 Metaspace       used 28969K, capacity 29564K, committed 29824K, reserved 1075200K
  class space    used 3477K, capacity 3677K, committed 3712K, reserved 1048576K
}
Event: 22.788 GC heap before
{Heap before GC invocations=9 (full 1):
 PSYoungGen      total 143872K, used 143856K [0x00000000da180000, 0x00000000e7100000, 0x0000000100000000)
  eden space 133120K, 100% used [0x00000000da180000,0x00000000e2380000,0x00000000e2380000)
  from space 10752K, 99% used [0x00000000e2380000,0x00000000e2dfc098,0x00000000e2e00000)
  to   space 12288K, 0% used [0x00000000e6500000,0x00000000e6500000,0x00000000e7100000)
 ParOldGen       total 70144K, used 12958K [0x000000008e400000, 0x0000000092880000, 0x00000000da180000)
  object space 70144K, 18% used [0x000000008e400000,0x000000008f0a7a10,0x0000000092880000)
 Metaspace       used 34102K, capacity 34774K, committed 34816K, reserved 1079296K
  class space    used 4116K, capacity 4331K, committed 4352K, reserved 1048576K
Event: 22.828 GC heap after
Heap after GC invocations=9 (full 1):
 PSYoungGen      total 193024K, used 12276K [0x00000000da180000, 0x00000000e7300000, 0x0000000100000000)
  eden space 180736K, 0% used [0x00000000da180000,0x00000000da180000,0x00000000e5200000)
  from space 12288K, 99% used [0x00000000e6500000,0x00000000e70fd1e8,0x00000000e7100000)
  to   space 16896K, 0% used [0x00000000e5200000,0x00000000e5200000,0x00000000e6280000)
 ParOldGen       total 70144K, used 20293K [0x000000008e400000, 0x0000000092880000, 0x00000000da180000)
  object space 70144K, 28% used [0x000000008e400000,0x000000008f7d1750,0x0000000092880000)
 Metaspace       used 34102K, capacity 34774K, committed 34816K, reserved 1079296K
  class space    used 4116K, capacity 4331K, committed 4352K, reserved 1048576K
}
Event: 48.751 GC heap before
{Heap before GC invocations=10 (full 1):
 PSYoungGen      total 193024K, used 44078K [0x00000000da180000, 0x00000000e7300000, 0x0000000100000000)
  eden space 180736K, 17% used [0x00000000da180000,0x00000000dc08e8a8,0x00000000e5200000)
  from space 12288K, 99% used [0x00000000e6500000,0x00000000e70fd1e8,0x00000000e7100000)
  to   space 16896K, 0% used [0x00000000e5200000,0x00000000e5200000,0x00000000e6280000)
 ParOldGen       total 70144K, used 20293K [0x000000008e400000, 0x0000000092880000, 0x00000000da180000)
  object space 70144K, 28% used [0x000000008e400000,0x000000008f7d1750,0x0000000092880000)
 Metaspace       used 34544K, capacity 35286K, committed 35496K, reserved 1081344K
  class space    used 4123K, capacity 4341K, committed 4352K, reserved 1048576K
Event: 48.777 GC heap after
Heap after GC invocations=10 (full 1):
 PSYoungGen      total 197632K, used 12709K [0x00000000da180000, 0x00000000e9400000, 0x0000000100000000)
  eden space 180736K, 0% used [0x00000000da180000,0x00000000da180000,0x00000000e5200000)
  from space 16896K, 75% used [0x00000000e5200000,0x00000000e5e695a8,0x00000000e6280000)
  to   space 17408K, 0% used [0x00000000e8300000,0x00000000e8300000,0x00000000e9400000)
 ParOldGen       total 70144K, used 20384K [0x000000008e400000, 0x0000000092880000, 0x00000000da180000)
  object space 70144K, 29% used [0x000000008e400000,0x000000008f7e8230,0x0000000092880000)
 Metaspace       used 34544K, capacity 35286K, committed 35496K, reserved 1081344K
  class space    used 4123K, capacity 4341K, committed 4352K, reserved 1048576K
}
Event: 48.777 GC heap before
{Heap before GC invocations=11 (full 2):
 PSYoungGen      total 197632K, used 12709K [0x00000000da180000, 0x00000000e9400000, 0x0000000100000000)
  eden space 180736K, 0% used [0x00000000da180000,0x00000000da180000,0x00000000e5200000)
  from space 16896K, 75% used [0x00000000e5200000,0x00000000e5e695a8,0x00000000e6280000)
  to   space 17408K, 0% used [0x00000000e8300000,0x00000000e8300000,0x00000000e9400000)
 ParOldGen       total 70144K, used 20384K [0x000000008e400000, 0x0000000092880000, 0x00000000da180000)
  object space 70144K, 29% used [0x000000008e400000,0x000000008f7e8230,0x0000000092880000)
 Metaspace       used 34544K, capacity 35286K, committed 35496K, reserved 1081344K
  class space    used 4123K, capacity 4341K, committed 4352K, reserved 1048576K
Event: 48.879 GC heap after
Heap after GC invocations=11 (full 2):
 PSYoungGen      total 197632K, used 0K [0x00000000da180000, 0x00000000e9400000, 0x0000000100000000)
  eden space 180736K, 0% used [0x00000000da180000,0x00000000da180000,0x00000000e5200000)
  from space 16896K, 0% used [0x00000000e5200000,0x00000000e5200000,0x00000000e6280000)
  to   space 17408K, 0% used [0x00000000e8300000,0x00000000e8300000,0x00000000e9400000)
 ParOldGen       total 116736K, used 28764K [0x000000008e400000, 0x0000000095600000, 0x00000000da180000)
  object space 116736K, 24% used [0x000000008e400000,0x0000000090017120,0x0000000095600000)
 Metaspace       used 34540K, capacity 35276K, committed 35496K, reserved 1081344K
  class space    used 4121K, capacity 4338K, committed 4352K, reserved 1048576K
}

